/*C2*/SET SCHEMA PUBLIC
SET FILES LOG TRUE
/*C11*/SET SCHEMA PUBLIC
CREATE cached TABLE STRUCTURE (STRUCTUREID bigint generated by default as identity (start with 1), SESSIONID bigint not null, PARENTID bigint not null, HISTORYID int, NAME varchar(8192) not null, NAMEHASH bigint not null, URL varchar(8192) not null, METHOD varchar(10) not null)
/*C10*/SET SCHEMA PUBLIC
INSERT INTO CONTEXT_DATA VALUES(1,1,1,'Default Context')
COMMIT
INSERT INTO CONTEXT_DATA VALUES(2,1,2,'')
COMMIT
INSERT INTO CONTEXT_DATA VALUES(3,1,5,'true')
COMMIT
INSERT INTO CONTEXT_DATA VALUES(4,1,6,'Db')
COMMIT
INSERT INTO CONTEXT_DATA VALUES(5,1,6,'Db.CouchDB')
COMMIT
INSERT INTO CONTEXT_DATA VALUES(6,1,6,'Db.Firebird')
COMMIT
INSERT INTO CONTEXT_DATA VALUES(7,1,6,'Db.HypersonicSQL')
COMMIT
INSERT INTO CONTEXT_DATA VALUES(8,1,6,'Db.IBM DB2')
COMMIT
INSERT INTO CONTEXT_DATA VALUES(9,1,6,'Db.Microsoft Access')
COMMIT
INSERT INTO CONTEXT_DATA VALUES(10,1,6,'Db.Microsoft SQL Server')
COMMIT
INSERT INTO CONTEXT_DATA VALUES(11,1,6,'Db.MongoDB')
COMMIT
INSERT INTO CONTEXT_DATA VALUES(12,1,6,'Db.MySQL')
COMMIT
INSERT INTO CONTEXT_DATA VALUES(13,1,6,'Db.Oracle')
COMMIT
INSERT INTO CONTEXT_DATA VALUES(14,1,6,'Db.PostgreSQL')
COMMIT
INSERT INTO CONTEXT_DATA VALUES(15,1,6,'Db.SAP MaxDB')
COMMIT
INSERT INTO CONTEXT_DATA VALUES(16,1,6,'Db.SQLite')
COMMIT
INSERT INTO CONTEXT_DATA VALUES(17,1,6,'Db.Sybase')
COMMIT
INSERT INTO CONTEXT_DATA VALUES(18,1,6,'Language')
COMMIT
INSERT INTO CONTEXT_DATA VALUES(19,1,6,'Language.ASP')
COMMIT
INSERT INTO CONTEXT_DATA VALUES(20,1,6,'Language.C')
COMMIT
INSERT INTO CONTEXT_DATA VALUES(21,1,6,'Language.JSP/Servlet')
COMMIT
INSERT INTO CONTEXT_DATA VALUES(22,1,6,'Language.PHP')
COMMIT
INSERT INTO CONTEXT_DATA VALUES(23,1,6,'Language.XML')
COMMIT
INSERT INTO CONTEXT_DATA VALUES(24,1,6,'OS')
COMMIT
INSERT INTO CONTEXT_DATA VALUES(25,1,6,'OS.Linux')
COMMIT
INSERT INTO CONTEXT_DATA VALUES(26,1,6,'OS.MacOS')
COMMIT
INSERT INTO CONTEXT_DATA VALUES(27,1,6,'OS.Windows')
COMMIT
INSERT INTO CONTEXT_DATA VALUES(28,1,6,'SCM')
COMMIT
INSERT INTO CONTEXT_DATA VALUES(29,1,6,'SCM.Git')
COMMIT
INSERT INTO CONTEXT_DATA VALUES(30,1,6,'SCM.SVN')
COMMIT
INSERT INTO CONTEXT_DATA VALUES(31,1,6,'WS')
COMMIT
INSERT INTO CONTEXT_DATA VALUES(32,1,6,'WS.Apache')
COMMIT
INSERT INTO CONTEXT_DATA VALUES(33,1,6,'WS.IIS')
COMMIT
INSERT INTO CONTEXT_DATA VALUES(34,1,6,'WS.Tomcat')
COMMIT
INSERT INTO CONTEXT_DATA VALUES(35,1,400,'org.zaproxy.zap.model.StandardParameterParser')
COMMIT
INSERT INTO CONTEXT_DATA VALUES(36,1,401,'{"kvps":"&","kvs":"=","struct":[]}')
COMMIT
INSERT INTO CONTEXT_DATA VALUES(37,1,402,'org.zaproxy.zap.model.StandardParameterParser')
COMMIT
INSERT INTO CONTEXT_DATA VALUES(38,1,403,'{"kvps":"&","kvs":"=","struct":[]}')
COMMIT
INSERT INTO CONTEXT_DATA VALUES(39,1,200,'0')
COMMIT
INSERT INTO CONTEXT_DATA VALUES(40,1,220,'0')
COMMIT
INSERT INTO CONTEXT_DATA VALUES(41,1,230,'0')
COMMIT
INSERT INTO CONTEXT_DATA VALUES(42,1,231,'-1')
COMMIT
INSERT INTO CONTEXT_DATA VALUES(43,1,234,'AND')
COMMIT
/*C4*/SET SCHEMA PUBLIC
INSERT INTO SESSION VALUES(1562575295322,'Untitled Session','2019-07-08 14:11:35.475000')
COMMIT
